[debug] [2025-02-03T13:48:06.550Z] ----------------------------------------------------------------------
[debug] [2025-02-03T13:48:06.553Z] Command:       /home/admin-funfia/.nvm/versions/node/v20.18.0/bin/node /home/admin-funfia/.nvm/versions/node/v20.18.0/bin/firebase init
[debug] [2025-02-03T13:48:06.553Z] CLI Version:   13.29.3
[debug] [2025-02-03T13:48:06.554Z] Platform:      linux
[debug] [2025-02-03T13:48:06.554Z] Node Version:  v20.18.0
[debug] [2025-02-03T13:48:06.554Z] Time:          Mon Feb 03 2025 16:48:06 GMT+0300 (heure normale d’Afrique de l’Est)
[debug] [2025-02-03T13:48:06.554Z] ----------------------------------------------------------------------
[debug] 
[debug] [2025-02-03T13:48:06.560Z] > command requires scopes: ["email","openid","https://www.googleapis.com/auth/cloudplatformprojects.readonly","https://www.googleapis.com/auth/firebase","https://www.googleapis.com/auth/cloud-platform"]
[debug] [2025-02-03T13:48:06.561Z] > authorizing via signed-in user (informaticienfunfiasmie@gmail.com)
[info] 
     ######## #### ########  ######## ########     ###     ######  ########
     ##        ##  ##     ## ##       ##     ##  ##   ##  ##       ##
     ######    ##  ########  ######   ########  #########  ######  ######
     ##        ##  ##    ##  ##       ##     ## ##     ##       ## ##
     ##       #### ##     ## ######## ########  ##     ##  ######  ########

You're about to initialize a Firebase project in this directory:

  /media/admin-funfia/01DB18D140EB8550/PROJET_MARCI/frontend

Before we get started, keep in mind:

  * You are currently outside your home directory

[info] 
=== Project Setup
[info] 
[info] First, let's associate this project directory with a Firebase project.
[info] You can create multiple project aliases by running firebase use --add, 
[info] but for now we'll just set up a default project.
[info] 
[info] i  If you want to create a project in a Google Cloud organization or folder, please use "firebase projects:create" instead, and return to this command when you've created the project. 
[debug] [2025-02-03T13:48:47.493Z] Checked if tokens are valid: true, expires at: 1738594046683
[debug] [2025-02-03T13:48:47.494Z] Checked if tokens are valid: true, expires at: 1738594046683
[debug] [2025-02-03T13:48:47.497Z] >>> [apiv2][query] POST https://cloudresourcemanager.googleapis.com/v1/projects [none]
[debug] [2025-02-03T13:48:47.497Z] >>> [apiv2][body] POST https://cloudresourcemanager.googleapis.com/v1/projects {"projectId":"Marcis","name":"Marcis"}
[debug] [2025-02-03T13:48:50.452Z] <<< [apiv2][status] POST https://cloudresourcemanager.googleapis.com/v1/projects 400
[debug] [2025-02-03T13:48:50.452Z] <<< [apiv2][body] POST https://cloudresourcemanager.googleapis.com/v1/projects {"error":{"code":400,"message":"field [project_id] has issue [project_id contains invalid characters]","status":"INVALID_ARGUMENT","details":[{"@type":"type.googleapis.com/google.rpc.BadRequest","fieldViolations":[{"field":"project_id","description":"project_id contains invalid characters"}]},{"@type":"type.googleapis.com/google.rpc.Help","links":[{"url":"https://cloud.google.com/resource-manager/reference/rest/v1/projects"}]}]}}
[debug] [2025-02-03T13:48:51.424Z] FirebaseError: Request to https://cloudresourcemanager.googleapis.com/v1/projects had HTTP Error: 400, field [project_id] has issue [project_id contains invalid characters]
    at responseToError (/home/admin-funfia/.nvm/versions/node/v20.18.0/lib/node_modules/firebase-tools/lib/responseToError.js:52:12)
    at RetryOperation._fn (/home/admin-funfia/.nvm/versions/node/v20.18.0/lib/node_modules/firebase-tools/lib/apiv2.js:312:77)
    at process.processTicksAndRejections (node:internal/process/task_queues:95:5)
[error] 
[error] Error: Failed to create project. See firebase-debug.log for more info.
[debug] [2025-02-04T06:37:03.366Z] ----------------------------------------------------------------------
[debug] [2025-02-04T06:37:03.369Z] Command:       /home/admin-funfia/.nvm/versions/node/v20.18.0/bin/node /home/admin-funfia/.nvm/versions/node/v20.18.0/bin/firebase init
[debug] [2025-02-04T06:37:03.369Z] CLI Version:   13.29.3
[debug] [2025-02-04T06:37:03.369Z] Platform:      linux
[debug] [2025-02-04T06:37:03.370Z] Node Version:  v20.18.0
[debug] [2025-02-04T06:37:03.370Z] Time:          Tue Feb 04 2025 09:37:03 GMT+0300 (heure normale d’Afrique de l’Est)
[debug] [2025-02-04T06:37:03.370Z] ----------------------------------------------------------------------
[debug] 
[debug] [2025-02-04T06:37:03.376Z] > command requires scopes: ["email","openid","https://www.googleapis.com/auth/cloudplatformprojects.readonly","https://www.googleapis.com/auth/firebase","https://www.googleapis.com/auth/cloud-platform"]
[debug] [2025-02-04T06:37:03.377Z] > authorizing via signed-in user (informaticienfunfiasmie@gmail.com)
[info] 
     ######## #### ########  ######## ########     ###     ######  ########
     ##        ##  ##     ## ##       ##     ##  ##   ##  ##       ##
     ######    ##  ########  ######   ########  #########  ######  ######
     ##        ##  ##    ##  ##       ##     ## ##     ##       ## ##
     ##       #### ##     ## ######## ########  ##     ##  ######  ########

You're about to initialize a Firebase project in this directory:

  /media/admin-funfia/01DB18D140EB8550/PROJET_MARCI/frontend

Before we get started, keep in mind:

  * You are currently outside your home directory

[info] 
=== Project Setup
[info] 
[info] First, let's associate this project directory with a Firebase project.
[info] You can create multiple project aliases by running firebase use --add, 
[info] but for now we'll just set up a default project.
[info] 
[info] i  If you want to create a project in a Google Cloud organization or folder, please use "firebase projects:create" instead, and return to this command when you've created the project. 
[debug] [2025-02-04T06:37:27.616Z] Checked if tokens are valid: false, expires at: 1738594046683
[debug] [2025-02-04T06:37:27.617Z] Checked if tokens are valid: false, expires at: 1738594046683
[debug] [2025-02-04T06:37:27.618Z] > refreshing access token with scopes: []
[debug] [2025-02-04T06:37:27.627Z] >>> [apiv2][query] POST https://www.googleapis.com/oauth2/v3/token [none]
[debug] [2025-02-04T06:37:27.627Z] >>> [apiv2][body] POST https://www.googleapis.com/oauth2/v3/token [omitted]
[debug] [2025-02-04T06:37:28.828Z] <<< [apiv2][status] POST https://www.googleapis.com/oauth2/v3/token 200
[debug] [2025-02-04T06:37:28.829Z] <<< [apiv2][body] POST https://www.googleapis.com/oauth2/v3/token [omitted]
[debug] [2025-02-04T06:37:28.844Z] >>> [apiv2][query] POST https://cloudresourcemanager.googleapis.com/v1/projects [none]
[debug] [2025-02-04T06:37:28.845Z] >>> [apiv2][body] POST https://cloudresourcemanager.googleapis.com/v1/projects {"projectId":"id_marcis","name":"marcis"}
[debug] [2025-02-04T06:37:31.428Z] <<< [apiv2][status] POST https://cloudresourcemanager.googleapis.com/v1/projects 400
[debug] [2025-02-04T06:37:31.429Z] <<< [apiv2][body] POST https://cloudresourcemanager.googleapis.com/v1/projects {"error":{"code":400,"message":"field [project_id] has issue [project_id contains invalid characters]","status":"INVALID_ARGUMENT","details":[{"@type":"type.googleapis.com/google.rpc.BadRequest","fieldViolations":[{"field":"project_id","description":"project_id contains invalid characters"}]},{"@type":"type.googleapis.com/google.rpc.Help","links":[{"url":"https://cloud.google.com/resource-manager/reference/rest/v1/projects"}]}]}}
[debug] [2025-02-04T06:37:32.343Z] FirebaseError: Request to https://cloudresourcemanager.googleapis.com/v1/projects had HTTP Error: 400, field [project_id] has issue [project_id contains invalid characters]
    at responseToError (/home/admin-funfia/.nvm/versions/node/v20.18.0/lib/node_modules/firebase-tools/lib/responseToError.js:52:12)
    at RetryOperation._fn (/home/admin-funfia/.nvm/versions/node/v20.18.0/lib/node_modules/firebase-tools/lib/apiv2.js:312:77)
    at process.processTicksAndRejections (node:internal/process/task_queues:95:5)
[error] 
[error] Error: Failed to create project. See firebase-debug.log for more info.
